[debug] [2024-12-15T08:32:45.091Z] ----------------------------------------------------------------------
[debug] [2024-12-15T08:32:45.096Z] Command:       C:\Program Files\nodejs\node.exe C:\Users\ashwi\AppData\Roaming\npm\node_modules\firebase-tools\lib\bin\firebase.js init
[debug] [2024-12-15T08:32:45.096Z] CLI Version:   13.29.1
[debug] [2024-12-15T08:32:45.097Z] Platform:      win32
[debug] [2024-12-15T08:32:45.097Z] Node Version:  v22.5.1
[debug] [2024-12-15T08:32:45.097Z] Time:          Sun Dec 15 2024 14:02:45 GMT+0530 (India Standard Time)
[debug] [2024-12-15T08:32:45.098Z] ----------------------------------------------------------------------
[debug] 
[debug] [2024-12-15T08:32:45.103Z] >>> [apiv2][query] GET https://firebase-public.firebaseio.com/cli.json [none]
[debug] [2024-12-15T08:32:45.194Z] > command requires scopes: ["email","openid","https://www.googleapis.com/auth/cloudplatformprojects.readonly","https://www.googleapis.com/auth/firebase","https://www.googleapis.com/auth/cloud-platform"]
[debug] [2024-12-15T08:32:45.194Z] > authorizing via signed-in user (ashwinrammohan2005@gmail.com)
[info] 
     ######## #### ########  ######## ########     ###     ######  ########
     ##        ##  ##     ## ##       ##     ##  ##   ##  ##       ##
     ######    ##  ########  ######   ########  #########  ######  ######
     ##        ##  ##    ##  ##       ##     ## ##     ##       ## ##
     ##       #### ##     ## ######## ########  ##     ##  ######  ########

You're about to initialize a Firebase project in this directory:

  E:\PROJECTS\contact_manager

[debug] [2024-12-15T08:32:46.001Z] <<< [apiv2][status] GET https://firebase-public.firebaseio.com/cli.json 200
[debug] [2024-12-15T08:32:46.001Z] <<< [apiv2][body] GET https://firebase-public.firebaseio.com/cli.json {"cloudBuildErrorAfter":1594252800000,"cloudBuildWarnAfter":1590019200000,"defaultNode10After":1594252800000,"minVersion":"3.0.5","node8DeploysDisabledAfter":1613390400000,"node8RuntimeDisabledAfter":1615809600000,"node8WarnAfter":1600128000000}
[info] 
=== Project Setup
[info] 
[info] First, let's associate this project directory with a Firebase project.
[info] You can create multiple project aliases by running firebase use --add, 
[info] but for now we'll just set up a default project.
[info] 
